<?xml version="1.0" encoding="UTF-8"?>
<!-- Generated by org.testng.reporters.JUnitReportReporter -->
<testsuite hostname="ChanakyaAcer" failures="0" tests="2" name="org.chanakya.E2EProject.HomePageTestCase" time="47.776" errors="0" timestamp="2022-01-06T18:33:02 AEST" skipped="0">
  <testcase classname="org.chanakya.E2EProject.HomePageTestCase" name="basePageNavigaton" time="13.946"/>
  <system-out/>
  <testcase classname="org.chanakya.E2EProject.HomePageTestCase" name="basePageNavigaton" time="33.830"/>
  <system-out/>
</testsuite> <!-- org.chanakya.E2EProject.HomePageTestCase -->
