<?xml version="1.0" encoding="UTF-8"?>
<!-- Generated by org.testng.reporters.JUnitReportReporter -->
<testsuite hostname="ChanakyaAcer" failures="0" tests="1" name="org.chanakya.E2EProject.HomePage" time="22.670" errors="0" timestamp="2022-01-05T11:35:53 AEST" skipped="0">
  <testcase classname="org.chanakya.E2EProject.HomePage" name="basePageNavigaton" time="22.670"/>
  <system-out/>
</testsuite> <!-- org.chanakya.E2EProject.HomePage -->
