<?xml version="1.0" encoding="UTF-8"?>
<!-- Generated by org.testng.reporters.JUnitReportReporter -->
<testsuite hostname="ChanakyaAcer" failures="0" tests="1" name="org.chanakya.E2EProject.HomePageTestCase3" time="7.839" errors="0" timestamp="2022-01-06T21:32:28 AEST" skipped="0">
  <testcase classname="org.chanakya.E2EProject.HomePageTestCase3" name="clickContactsLink" time="7.839"/>
  <system-out/>
</testsuite> <!-- org.chanakya.E2EProject.HomePageTestCase3 -->
