<?xml version="1.0" encoding="UTF-8"?>
<!-- Generated by org.testng.reporters.JUnitReportReporter -->
<testsuite hostname="ChanakyaAcer" failures="0" tests="1" name="org.chanakya.E2EProject.HomePageTestCase2" time="12.782" errors="0" timestamp="2022-01-06T16:46:36 AEST" skipped="0">
  <testcase classname="org.chanakya.E2EProject.HomePageTestCase2" name="validateFeaturedTitle" time="12.782"/>
  <system-out/>
</testsuite> <!-- org.chanakya.E2EProject.HomePageTestCase2 -->
