<?xml version="1.0" encoding="UTF-8"?>
<!-- Generated by org.testng.reporters.JUnitReportReporter -->
<testsuite skipped="0" hostname="ChanakyaAcer" name="org.chanakya.E2EProject.HomePageTestCase" tests="2" failures="0" timestamp="2022-01-07T09:30:27 AEST" time="66.316" errors="0">
  <testcase name="basePageNavigaton" time="21.473" classname="org.chanakya.E2EProject.HomePageTestCase"/>
  <system-out/>
  <testcase name="basePageNavigaton" time="44.843" classname="org.chanakya.E2EProject.HomePageTestCase"/>
  <system-out/>
</testsuite> <!-- org.chanakya.E2EProject.HomePageTestCase -->
