<?xml version="1.0" encoding="UTF-8"?>
<!-- Generated by org.testng.reporters.JUnitReportReporter -->
<testsuite skipped="0" hostname="ChanakyaAcer" name="org.chanakya.E2EProject.HomePageTestCase3" tests="1" failures="0" timestamp="2022-01-07T09:30:27 AEST" time="33.258" errors="0">
  <testcase name="clickContactsLink" time="33.258" classname="org.chanakya.E2EProject.HomePageTestCase3"/>
  <system-out/>
</testsuite> <!-- org.chanakya.E2EProject.HomePageTestCase3 -->
